2023-10-07T05:56:24.653Z 0: 

----------------------------------------------
2023-10-07T05:56:24.691Z 1: Discord starting: {"releaseChannel":"stable","version":"0.0.31"}, modulepath: /home/sl/.config/discord/0.0.31/modules
2023-10-07T05:56:24.728Z 2: ✅ webContents.created web1 ""
2023-10-07T05:56:24.791Z 3: ✅ window.created win1 "discord"
2023-10-07T05:56:24.962Z 4: Wrote 239008 byte minidump to /home/sl/.config/discord/0.0.31/modules/crashlogs/2023_10_07T05_56_24_788Z-1-minidump.dmp
2023-10-07T05:56:25.111Z 5: Sentry report: {"sdk":{"name":"sentry.javascript.electron","packages":[{"name":"npm:@sentry/electron","version":"4.12.0"}],"version":"4.12.0","integrations":["SentryMinidump","ElectronBreadcrumbs","Net","MainContext","ChildProcess","OnUncaughtException","PreloadInjection","AdditionalContext","Screenshots","InboundFilters","FunctionToString","Console","Http","Undici","OnUnhandledRejection","ContextLines","LocalVariables","Modules","RequestData","LinkedErrors"]},"contexts":{"trace":{"trace_id":"78755d8f672849c0a5cccf0e47756e38","span_id":"8c6bc512366c66a8"},"app":{"app_name":"discord","app_version":"0.0.31","app_start_time":"2023-10-07T05:56:23.464Z"},"os":{"kernel_version":"6.5.5-arch1-1","name":"Arch Linux"},"browser":{"name":"Chrome"},"chrome":{"name":"Chrome","type":"runtime","version":"108.0.5359.215"},"device":{"arch":"x64","family":"Desktop","language":"en-US","screen_density":1,"screen_resolution":"1366x768","memory_size":3916894208,"free_memory":3056762880,"processor_count":2,"cpu_description":"Intel(R) Celeron(R) N4020 CPU @ 1.10GHz","processor_frequency":2686},"node":{"name":"Node","type":"runtime","version":"16.17.1"},"runtime":{"name":"Electron","version":"22.3.25"}},"environment":"stable","release":"0.0.31","user":{"ip_address":"{{auto}}"},"tags":{"event.origin":"electron","event.environment":"native","event.process":"browser","event_type":"native"},"level":"fatal","platform":"native","breadcrumbs":[{"timestamp":1696658184.125,"category":"console","level":"log","message":"Discord 0.0.31"},{"timestamp":1696658184.436,"category":"electron","message":"app.will-finish-launching","type":"ui"},{"timestamp":1696658184.454,"category":"electron","message":"app.ready","type":"ui"},{"timestamp":1696658184.514,"category":"electron","message":"app.session-created","type":"ui"},{"timestamp":1696658184.514,"category":"console","level":"log","message":"Starting app."},{"timestamp":1696658184.515,"category":"console","level":"log","message":"Removing old directory  0.0.26"},{"timestamp":1696658184.533,"category":"console","level":"log","message":"Starting updater."},{"timestamp":1696658184.535,"category":"console","level":"log","message":"2023-10-07T05:56:24.535Z [Modules] Modules initializing"},{"timestamp":1696658184.535,"category":"console","level":"log","message":"2023-10-07T05:56:24.535Z [Modules] Distribution: remote"},{"timestamp":1696658184.535,"category":"console","level":"log","message":"2023-10-07T05:56:24.535Z [Modules] Host updates: disabled"},{"timestamp":1696658184.536,"category":"console","level":"log","message":"2023-10-07T05:56:24.536Z [Modules] Module updates: enabled"},{"timestamp":1696658184.536,"category":"console","level":"log","message":"2023-10-07T05:56:24.536Z [Modules] Module install path: /home/sl/.config/discord/0.0.31/modules"},{"timestamp":1696658184.536,"category":"console","level":"log","message":"2023-10-07T05:56:24.536Z [Modules] Module installed file path: /home/sl/.config/discord/0.0.31/modules/installed.json"},{"timestamp":1696658184.537,"category":"console","level":"log","message":"2023-10-07T05:56:24.537Z [Modules] Module download path: /home/sl/.config/discord/0.0.31/modules/pending"},{"timestamp":1696658184.54,"category":"console","level":"log","message":"splashScreen.initSplash(false)"},{"timestamp":1696658184.587,"category":"electron","message":"app.web-contents-created","type":"ui"},{"timestamp":1696658184.589,"category":"electron","message":"app.browser-window-created","type":"ui"},{"timestamp":1696658184.618,"category":"electron","message":"renderer.load-url","type":"ui","data":{}},{"timestamp":1696658184.653,"category":"console","level":"log","message":"blackbox: 2023-10-07T05:56:24.653Z 0 \n\n----------------------------------------------"},{"timestamp":1696658184.125,"category":"console","level":"log","message":"Discord 0.0.31"},{"timestamp":1696658184.436,"category":"electron","message":"app.will-finish-launching","type":"ui"},{"timestamp":1696658184.454,"category":"electron","message":"app.ready","type":"ui"},{"timestamp":1696658184.514,"category":"electron","message":"app.session-created","type":"ui"},{"timestamp":1696658184.514,"category":"console","level":"log","message":"Starting app."},{"timestamp":1696658184.515,"category":"console","level":"log","message":"Removing old directory  0.0.26"},{"timestamp":1696658184.533,"category":"console","level":"log","message":"Starting updater."},{"timestamp":1696658184.535,"category":"console","level":"log","message":"2023-10-07T05:56:24.535Z [Modules] Modules initializing"},{"timestamp":1696658184.535,"category":"console","level":"log","message":"2023-10-07T05:56:24.535Z [Modules] Distribution: remote"},{"timestamp":1696658184.535,"category":"console","level":"log","message":"2023-10-07T05:56:24.535Z [Modules] Host updates: disabled"},{"timestamp":1696658184.536,"category":"console","level":"log","message":"2023-10-07T05:56:24.536Z [Modules] Module updates: enabled"},{"timestamp":1696658184.536,"category":"console","level":"log","message":"2023-10-07T05:56:24.536Z [Modules] Module install path: /home/sl/.config/discord/0.0.31/modules"},{"timestamp":1696658184.536,"category":"console","level":"log","message":"2023-10-07T05:56:24.536Z [Modules] Module installed file path: /home/sl/.config/discord/0.0.31/modules/installed.json"},{"timestamp":1696658184.537,"category":"console","level":"log","message":"2023-10-07T05:56:24.537Z [Modules] Module download path: /home/sl/.config/discord/0.0.31/modules/pending"},{"timestamp":1696658184.54,"category":"console","level":"log","message":"splashScreen.initSplash(false)"},{"timestamp":1696658184.587,"category":"electron","message":"app.web-contents-created","type":"ui"},{"timestamp":1696658184.589,"category":"electron","message":"app.browser-window-created","type":"ui"},{"timestamp":1696658184.618,"category":"electron","message":"renderer.load-url","type":"ui","data":{}},{"timestamp":1696658184.653,"category":"console","level":"log","message":"blackbox: 2023-10-07T05:56:24.653Z 0 \n\n----------------------------------------------"},{"timestamp":1696658184.692,"category":"console","level":"log","message":"blackbox: 2023-10-07T05:56:24.691Z 1 Discord starting: {\"releaseChannel\":\"stable\",\"version\":\"0.0.31\"}, modulepath: /home/sl/.config/discord/0.0.31/modules"},{"timestamp":1696658184.693,"category":"electron","message":"app.gpu-info-update","type":"ui"},{"timestamp":1696658184.728,"category":"console","level":"log","message":"blackbox: 2023-10-07T05:56:24.728Z 2 ✅ webContents.created web1 \"\""}],"modules":{"mkdirp":"0.5.5","rimraf":"2.7.1","glob":"7.1.7","fs.realpath":"1.0.0","minimatch":"3.1.2","brace-expansion":"1.1.11","concat-map":"0.0.1","balanced-match":"1.0.2","inherits":"2.0.4","path-is-absolute":"1.0.1","inflight":"1.0.6","wrappy":"1.0.2","once":"1.4.0","yauzl":"2.10.0","fd-slicer":"1.1.0","pend":"1.2.0","buffer-crc32":"0.2.13","request":"2.88.0","extend":"3.0.2","tough-cookie":"2.4.3","psl":"1.8.0","json-stringify-safe":"5.0.1","safe-buffer":"5.2.1","aws-sign2":"0.7.0","aws4":"1.11.0","http-signature":"1.2.0","assert-plus":"1.0.0","sshpk":"1.16.1","safer-buffer":"2.1.2","asn1":"0.2.4","ecc-jsbn":"0.1.2","jsbn":"0.1.1","tweetnacl":"0.14.5","jsprim":"1.4.1","extsprintf":"1.3.0","verror":"1.10.0","core-util-is":"1.0.2","json-schema":"0.2.3","mime-types":"2.1.32","mime-db":"1.49.0","caseless":"0.12.0","forever-agent":"0.6.1","form-data":"2.3.3","combined-stream":"1.0.8","delayed-stream":"1.0.0","asynckit":"0.4.0","isstream":"0.1.2","is-typedarray":"1.0.0","qs":"6.5.3","har-validator":"5.1.5","ajv":"6.12.6","uri-js":"4.4.1","fast-deep-equal":"3.1.3","json-schema-traverse":"0.4.1","fast-json-stable-stringify":"2.1.0","har-schema":"2.0.0","uuid":"3.4.0","oauth-sign":"0.9.0","tunnel-agent":"0.6.0","performance-now":"2.1.0","https-proxy-agent":"5.0.1","ms":"2.1.2","agent-base":"6.0.2","lru_map":"0.3.3","cookie":"0.4.2","deepmerge":"4.3.0"},"event_id":"f943588cae20433bbf7cb559de97848c","timestamp":1696658184.751,"extra":{"release_channel":"stable","sentry":{"environment":"stable","release":"0.0.31"},"wm":"i3,i3"}}
2023-10-07T05:56:25.364Z 6: ✅ webContents.did-finish-load web1
2023-10-07T05:56:29.725Z 7: window.close win1
2023-10-07T05:56:29.742Z 8: webContents.destroyed web1
2023-10-07T05:56:32.354Z 0: 

----------------------------------------------
2023-10-07T05:56:32.457Z 1: Discord starting: {"releaseChannel":"stable","version":"0.0.31"}, modulepath: /home/sl/.config/discord/0.0.31/modules
2023-10-07T05:56:32.482Z 2: ✅ webContents.created web1 ""
2023-10-07T05:56:32.514Z 3: ✅ window.created win1 "discord"
2023-10-07T05:56:32.821Z 4: ✅ webContents.did-finish-load web1
2023-10-07T05:56:44.290Z 5: ✅ webContents.created web2 ""
2023-10-07T05:56:44.339Z 6: ✅ window.created win2 "Discord"
2023-10-07T05:56:53.367Z 7: ✅ webContents.did-finish-load web2
2023-10-07T05:56:53.458Z 8: window.close win1
2023-10-07T05:56:53.475Z 9: webContents.destroyed web1
2023-10-07T05:56:53.503Z 10: window.closed win1
2023-10-07T17:08:50.453Z 11: window.close win2
2023-10-07T18:08:29.893Z 0: 

----------------------------------------------
2023-10-07T18:08:29.969Z 1: Discord starting: {"releaseChannel":"stable","version":"0.0.31"}, modulepath: /home/sl/.config/discord/0.0.31/modules
2023-10-07T18:08:30.100Z 2: ✅ webContents.created web1 ""
2023-10-07T18:08:30.134Z 3: ✅ window.created win1 "discord"
2023-10-07T18:08:31.847Z 4: ✅ webContents.created web2 ""
2023-10-07T18:08:31.904Z 5: ✅ window.created win2 "Discord"
2023-10-07T18:08:31.933Z 6: ✅ webContents.did-finish-load web1
2023-10-07T18:08:56.336Z 7: ✅ webContents.did-finish-load web2
2023-10-07T18:08:56.438Z 8: window.close win1
2023-10-07T18:08:56.509Z 9: webContents.destroyed web1
2023-10-07T18:08:56.510Z 10: window.closed win1
2023-10-11T00:47:31.034Z 11: window.close win2
2023-10-11T00:54:36.981Z 0: 

----------------------------------------------
2023-10-11T00:54:37.120Z 1: Discord starting: {"releaseChannel":"stable","version":"0.0.31"}, modulepath: /home/sl/.config/discord/0.0.31/modules
2023-10-11T02:53:13.240Z 12: window.close win2
2023-10-11T02:53:21.660Z 0: 

----------------------------------------------
2023-10-11T02:53:21.692Z 1: Discord starting: {"releaseChannel":"stable","version":"0.0.31"}, modulepath: /home/sl/.config/discord/0.0.31/modules
2023-10-11T04:07:14.349Z 13: window.close win2
2023-10-11T04:26:29.336Z 0: 

----------------------------------------------
2023-10-11T04:26:29.401Z 1: Discord starting: {"releaseChannel":"stable","version":"0.0.31"}, modulepath: /home/sl/.config/discord/0.0.31/modules
2023-10-11T06:15:26.850Z 14: window.close win2
2023-10-11T06:40:49.749Z 0: 

----------------------------------------------
2023-10-11T06:40:49.772Z 1: Discord starting: {"releaseChannel":"stable","version":"0.0.31"}, modulepath: /home/sl/.config/discord/0.0.31/modules
2023-10-12T06:50:53.612Z 15: window.close win2
2023-10-12T06:51:25.615Z 16: window.close win2
2023-10-12T17:27:07.452Z 0: 

----------------------------------------------
2023-10-12T17:27:07.526Z 1: Discord starting: {"releaseChannel":"stable","version":"0.0.31"}, modulepath: /home/sl/.config/discord/0.0.31/modules
2023-10-12T17:27:07.532Z 2: ✅ webContents.created web1 ""
2023-10-12T17:27:07.553Z 3: ✅ window.created win1 "discord"
2023-10-12T17:27:08.104Z 4: ✅ webContents.did-finish-load web1
2023-10-12T17:27:08.374Z 5: ✅ webContents.created web2 ""
2023-10-12T17:27:08.416Z 6: ✅ window.created win2 "Discord"
2023-10-12T17:27:16.392Z 7: ✅ webContents.did-finish-load web2
2023-10-12T17:27:16.490Z 8: window.close win1
2023-10-12T17:27:16.559Z 9: webContents.destroyed web1
2023-10-12T17:27:16.562Z 10: window.closed win1
2023-10-13T22:26:39.897Z 11: window.close win2
2023-10-13T22:27:44.203Z 0: 

----------------------------------------------
2023-10-13T22:27:44.257Z 1: Discord starting: {"releaseChannel":"stable","version":"0.0.31"}, modulepath: /home/sl/.config/discord/0.0.31/modules
2023-10-13T22:27:44.301Z 2: ✅ webContents.created web1 ""
2023-10-13T22:27:44.306Z 3: ✅ window.created win1 "discord"
2023-10-13T22:27:44.939Z 4: ✅ webContents.did-finish-load web1
2023-10-13T22:27:45.235Z 5: ✅ webContents.created web2 ""
2023-10-13T22:27:45.271Z 6: ✅ window.created win2 "Discord"
2023-10-13T22:27:55.940Z 7: ✅ webContents.did-finish-load web2
2023-10-13T22:27:56.035Z 8: window.close win1
2023-10-13T22:27:56.059Z 9: webContents.destroyed web1
2023-10-13T22:27:56.063Z 10: window.closed win1
2023-10-14T01:38:59.049Z 11: window.close win2
2023-10-14T02:31:05.328Z 0: 

----------------------------------------------
2023-10-14T02:31:05.369Z 1: Discord starting: {"releaseChannel":"stable","version":"0.0.31"}, modulepath: /home/sl/.config/discord/0.0.31/modules
2023-10-14T02:31:05.432Z 2: ✅ webContents.created web1 ""
2023-10-14T02:31:05.443Z 3: ✅ window.created win1 "discord"
2023-10-14T02:31:06.012Z 4: ✅ webContents.did-finish-load web1
2023-10-14T02:31:06.269Z 5: ✅ webContents.created web2 ""
2023-10-14T02:31:06.317Z 6: ✅ window.created win2 "Discord"
2023-10-14T02:31:15.552Z 7: ✅ webContents.did-finish-load web2
2023-10-14T02:31:15.653Z 8: window.close win1
2023-10-14T02:31:15.752Z 9: webContents.destroyed web1
2023-10-14T02:31:15.756Z 10: window.closed win1
2023-10-14T06:06:06.126Z 11: ❌ webContents.nresponsive web2
2023-10-14T19:06:33.645Z 0: 

----------------------------------------------
2023-10-14T19:06:33.677Z 1: Discord starting: {"releaseChannel":"stable","version":"0.0.31"}, modulepath: /home/sl/.config/discord/0.0.31/modules
2023-10-14T19:06:33.730Z 2: ✅ webContents.created web1 ""
2023-10-14T19:06:33.751Z 3: ✅ window.created win1 "discord"
2023-10-14T19:06:34.746Z 4: ✅ webContents.did-finish-load web1
2023-10-14T19:06:35.546Z 5: ✅ webContents.created web2 ""
2023-10-14T19:06:35.651Z 6: ✅ window.created win2 "Discord"
2023-10-14T19:07:05.275Z 7: ✅ webContents.did-finish-load web2
2023-10-14T19:07:05.400Z 8: window.close win1
2023-10-14T19:07:05.553Z 9: webContents.destroyed web1
2023-10-14T19:07:05.567Z 10: window.closed win1
2023-10-14T19:11:27.241Z 11: window.close win2
2023-10-14T19:12:38.922Z 0: 

----------------------------------------------
2023-10-14T19:12:38.958Z 1: Discord starting: {"releaseChannel":"stable","version":"0.0.31"}, modulepath: /home/sl/.config/discord/0.0.31/modules
2023-10-14T19:12:49.251Z 12: window.close win2
2023-10-14T19:36:35.055Z 0: 

----------------------------------------------
2023-10-15T07:54:31.459Z 13: window.close win2
2023-10-15T08:19:33.993Z 0: 

----------------------------------------------
2023-10-15T08:19:34.018Z 1: Discord starting: {"releaseChannel":"stable","version":"0.0.31"}, modulepath: /home/sl/.config/discord/0.0.31/modules
2023-10-15T20:21:04.618Z 14: window.close win2
2023-10-15T20:52:47.213Z 0: 

----------------------------------------------
2023-10-15T20:52:47.322Z 1: Discord starting: {"releaseChannel":"stable","version":"0.0.31"}, modulepath: /home/sl/.config/discord/0.0.31/modules
2023-10-16T00:03:53.158Z 15: window.close win2
2023-10-16T00:20:20.430Z 0: 

----------------------------------------------
2023-10-16T00:26:14.811Z 16: ❌ webContents.nresponsive web2
2023-10-16T00:26:54.608Z 17: window.close win2
2023-10-16T00:27:19.609Z 18: window.close win2
2023-10-16T00:28:09.687Z 19: window.close win2
2023-10-16T00:28:09.867Z 20: ❌ child-process-gone {
  type: 'GPU',
  reason: 'abnormal-exit',
  exitCode: 512,
  serviceName: 'GPU'
}
2023-10-16T00:28:10.032Z 21: Sentry report: {"sdk":{"name":"sentry.javascript.electron","packages":[{"name":"npm:@sentry/electron","version":"4.12.0"}],"version":"4.12.0","integrations":["SentryMinidump","ElectronBreadcrumbs","Net","MainContext","ChildProcess","OnUncaughtException","PreloadInjection","AdditionalContext","Screenshots","InboundFilters","FunctionToString","Console","Http","Undici","OnUnhandledRejection","ContextLines","LocalVariables","Modules","RequestData","LinkedErrors"]},"contexts":{"trace":{"trace_id":"057d943d077c436c999751c9e9b9abee","span_id":"adb3607af867c2a4"},"app":{"app_name":"discord","app_version":"0.0.31","app_start_time":"2023-10-14T19:06:31.797Z"},"os":{"kernel_version":"6.5.7-arch1-1","name":"Arch Linux"},"browser":{"name":"Chrome"},"chrome":{"name":"Chrome","type":"runtime","version":"108.0.5359.215"},"device":{"arch":"x64","family":"Desktop","language":"en-US","screen_density":1,"screen_resolution":"1366x768","memory_size":3916902400,"free_memory":194412544,"processor_count":2,"cpu_description":"Intel(R) Celeron(R) N4020 CPU @ 1.10GHz","processor_frequency":2686},"node":{"name":"Node","type":"runtime","version":"16.17.1"},"runtime":{"name":"Electron","version":"22.3.25"}},"environment":"stable","release":"0.0.31","user":{"ip_address":"{{auto}}","id":"141777941569732608","username":"seanofra","email":"seanbergeron42@gmail.com"},"tags":{"event.origin":"electron","event.environment":"javascript","event.process":"GPU","event_type":"javascript","nativeBuildNumber":"null"},"event_id":"4aab58ab3ed640fcb57df593e1ca2279","level":"warning","message":"'GPU' process exited with 'abnormal-exit'","platform":"node","timestamp":1697416089.654,"breadcrumbs":[{"timestamp":1697404620.639,"category":"electron","message":"app.browser-window-focus","type":"ui"},{"timestamp":1697404628.131,"category":"electron","message":"window.blur","type":"ui","data":{"id":2,"url":"https://discord.com/channels/1090160915359481907/1090882316357869568"}},{"timestamp":1697404628.132,"category":"electron","message":"app.browser-window-blur","type":"ui"},{"timestamp":1697404629.065,"category":"electron","message":"window.focus","type":"ui","data":{"id":2,"url":"https://discord.com/channels/1090160915359481907/1090882316357869568"}},{"timestamp":1697404629.066,"category":"electron","message":"app.browser-window-focus","type":"ui"},{"timestamp":1697404630.393,"category":"ui.click","message":"div#message-accessories-1163223237975605418.container-2sjPya"},{"timestamp":1697404634.564,"category":"ui.input","message":"input.input-2FSSDe[aria-label=\"Search emoji\"][type=\"text\"]"},{"timestamp":1697404637.581,"category":"electron","message":"window.blur","type":"ui","data":{"id":2,"url":"https://discord.com/channels/1090160915359481907/1090882316357869568"}},{"timestamp":1697404637.585,"category":"electron","message":"app.browser-window-blur","type":"ui"},{"timestamp":1697407621.826,"category":"console","level":"log","message":"mainScreen.UpdaterEvents: CHECK_FOR_UPDATES UPDATE_NOT_AVAILABLE"},{"timestamp":1697407621.862,"category":"console","level":"log","message":"2023-10-15T22:07:01.862Z [Modules] Host is up to date."},{"timestamp":1697407621.863,"category":"console","level":"log","message":"2023-10-15T22:07:01.863Z [Modules] Checking for module updates at https://discord.com/api/modules/stable/versions.json"},{"timestamp":1697407622.037,"type":"http","category":"electron.net","data":{"url":"https://discord.com/api/modules/stable/versions.json?host_version=0.0.31&platform=linux&_=5658025","method":"GET","status_code":200}},{"timestamp":1697407622.039,"category":"console","level":"log","message":"2023-10-15T22:07:02.039Z [Modules] No module updates available."},{"timestamp":1697407622.04,"category":"console","level":"log","message":"legacyModuleUpdater: update-check-finished"},{"timestamp":1697411221.825,"category":"console","level":"log","message":"mainScreen.UpdaterEvents: CHECK_FOR_UPDATES UPDATE_NOT_AVAILABLE"},{"timestamp":1697411221.825,"category":"console","level":"log","message":"2023-10-15T23:07:01.825Z [Modules] Host is up to date."},{"timestamp":1697411221.826,"category":"console","level":"log","message":"2023-10-15T23:07:01.826Z [Modules] Checking for module updates at https://discord.com/api/modules/stable/versions.json"},{"timestamp":1697411221.912,"type":"http","category":"electron.net","data":{"url":"https://discord.com/api/modules/stable/versions.json?host_version=0.0.31&platform=linux&_=5658037","method":"GET","status_code":200}},{"timestamp":1697411221.914,"category":"console","level":"log","message":"2023-10-15T23:07:01.913Z [Modules] No module updates available."},{"timestamp":1697411221.914,"category":"console","level":"log","message":"legacyModuleUpdater: update-check-finished"},{"timestamp":1697412643.417,"category":"electron","message":"window.focus","type":"ui","data":{"id":2,"url":"https://discord.com/channels/1090160915359481907/1090882316357869568"}},{"timestamp":1697412643.417,"category":"electron","message":"app.browser-window-focus","type":"ui"},{"timestamp":1697412647.221,"category":"ui.click","message":"div.childWrapper-1j_1ub"},{"timestamp":1697412650.818,"category":"ui.click","message":"foreignobject > div.wrapper-3kah-n.selected-1Drb7Z[aria-label=\"  mµcci men\"]"},{"timestamp":1697412656.625,"category":"ui.click","message":"div.label-3CEiKJ"},{"timestamp":1697412665.916,"category":"ui.click","message":"div.scroller-nxCRu_.thin-RnSY0a.scrollerBase-1Pkza4"},{"timestamp":1697412666.769,"category":"ui.click","message":"div#user-context-block.item-5ApiZt.labelContainer-35-WEd.colorDefault-2_rLdz.focused-3LIdPu."},{"timestamp":1697412667.949,"category":"ui.click","message":"button.button-ejjZWC.lookFilled-1H2Jvj.colorRed-2VFhM4.sizeMedium-2oH5mg.grow-2T4nbg[type=\"submit\"]"},{"timestamp":1697412670.394,"category":"electron","message":"window.blur","type":"ui","data":{"id":2,"url":"https://discord.com/channels/@me"}},{"timestamp":1697412670.394,"category":"electron","message":"app.browser-window-blur","type":"ui"},{"timestamp":1697413636.184,"category":"electron","message":"window.focus","type":"ui","data":{"id":2,"url":"https://discord.com/channels/@me"}},{"timestamp":1697413636.185,"category":"electron","message":"app.browser-window-focus","type":"ui"},{"timestamp":1697413637.001,"category":"electron","message":"window.blur","type":"ui","data":{"id":2,"url":"https://discord.com/channels/@me"}},{"timestamp":1697413637.004,"category":"electron","message":"app.browser-window-blur","type":"ui"},{"timestamp":1697413831.025,"category":"electron","message":"window.focus","type":"ui","data":{"id":2,"url":"https://discord.com/channels/@me"}},{"timestamp":1697413831.026,"category":"electron","message":"app.browser-window-focus","type":"ui"},{"timestamp":1697413834.944,"category":"ui.click","message":"foreignobject > div.wrapper-3kah-n.selected-1Drb7Z[aria-label=\"  Stardust XR\"]"},{"timestamp":1697413838.335,"category":"ui.click","message":"div.upperContainer-2DCPUA > div.toolbar-3_r2xA"},{"timestamp":1697413838.839,"category":"ui.input","message":"div.notranslate.public-DraftEditor-content[aria-label=\"Search\"]"},{"timestamp":1697413899.469,"category":"electron","message":"window.blur","type":"ui","data":{"id":2,"url":"https://discord.com/channels/647222689777582080/659858947896770590"}},{"timestamp":1697413899.47,"category":"electron","message":"app.browser-window-blur","type":"ui"},{"timestamp":1697413979.05,"category":"electron","message":"window.focus","type":"ui","data":{"id":2,"url":"https://discord.com/channels/647222689777582080/659858947896770590"}},{"timestamp":1697413979.058,"category":"electron","message":"app.browser-window-focus","type":"ui"},{"timestamp":1697413981.012,"category":"ui.click","message":"div.upperContainer-2DCPUA > div.toolbar-3_r2xA"},{"timestamp":1697413981.342,"category":"ui.input","message":"div.notranslate.public-DraftEditor-content[aria-label=\"Search\"]"},{"timestamp":1697414119.865,"category":"ui.click","message":"div.roundButton-2mKRqM.pageButton-uta6J3[aria-label=\"Page 2\"]"},{"timestamp":1697414161.492,"category":"ui.click","message":"div.roundButton-2mKRqM.pageButton-uta6J3[aria-label=\"Page 3\"]"},{"timestamp":1697414213.088,"category":"electron","message":"window.blur","type":"ui","data":{"id":2,"url":"https://discord.com/channels/647222689777582080/659858947896770590/1144032782146883746"}},{"timestamp":1697414213.088,"category":"electron","message":"app.browser-window-blur","type":"ui"},{"timestamp":1697414614.805,"category":"electron","message":"window.focus","type":"ui","data":{"id":2,"url":"https://discord.com/channels/647222689777582080/659858947896770590/1144032782146883746"}},{"timestamp":1697414614.806,"category":"electron","message":"app.browser-window-focus","type":"ui"},{"timestamp":1697414618.721,"category":"ui.click","message":"div.childWrapper-1j_1ub"},{"timestamp":1697414620.518,"category":"ui.click","message":"div.inner-2pOSmK > input.input-2m5SfJ[aria-label=\"Search\"]"},{"timestamp":1697414620.742,"category":"ui.input","message":"div.inner-2pOSmK > input.input-2m5SfJ[aria-label=\"Search\"]"},{"timestamp":1697414624.43,"category":"ui.click","message":"div"},{"timestamp":1697414630.557,"category":"electron","message":"window.blur","type":"ui","data":{"id":2,"url":"https://discord.com/channels/@me"}},{"timestamp":1697414630.558,"category":"electron","message":"app.browser-window-blur","type":"ui"},{"timestamp":1697414631.805,"category":"electron","message":"window.focus","type":"ui","data":{"id":2,"url":"https://discord.com/channels/@me"}},{"timestamp":1697414631.805,"category":"electron","message":"app.browser-window-focus","type":"ui"},{"timestamp":1697414633.145,"category":"electron","message":"window.close","type":"ui","data":{"id":2,"url":"https://discord.com/channels/@me"}},{"timestamp":1697414633.158,"category":"electron","message":"window.hide","type":"ui","data":{"id":2,"url":"https://discord.com/channels/@me"}},{"timestamp":1697414633.159,"category":"console","level":"log","message":"blackbox: 2023-10-16T00:03:53.158Z 15 window.close win2"},{"timestamp":1697414633.175,"category":"electron","message":"window.blur","type":"ui","data":{"id":2,"url":"https://discord.com/channels/@me"}},{"timestamp":1697414633.175,"category":"electron","message":"app.browser-window-blur","type":"ui"},{"timestamp":1697414821.861,"category":"console","level":"log","message":"mainScreen.UpdaterEvents: CHECK_FOR_UPDATES UPDATE_NOT_AVAILABLE"},{"timestamp":1697414821.862,"category":"console","level":"log","message":"2023-10-16T00:07:01.862Z [Modules] Host is up to date."},{"timestamp":1697414821.863,"category":"console","level":"log","message":"2023-10-16T00:07:01.863Z [Modules] Checking for module updates at https://discord.com/api/modules/stable/versions.json"},{"timestamp":1697414821.952,"type":"http","category":"electron.net","data":{"url":"https://discord.com/api/modules/stable/versions.json?host_version=0.0.31&platform=linux&_=5658049","method":"GET","status_code":200}},{"timestamp":1697414821.956,"category":"console","level":"log","message":"2023-10-16T00:07:01.956Z [Modules] No module updates available."},{"timestamp":1697414821.957,"category":"console","level":"log","message":"legacyModuleUpdater: update-check-finished"},{"timestamp":1697415620.015,"category":"electron","message":"app.second-instance","type":"ui"},{"timestamp":1697415620.026,"category":"electron","message":"window.show","type":"ui","data":{"id":2,"url":"https://discord.com/channels/@me"}},{"timestamp":1697415620.027,"category":"electron","message":"window.show","type":"ui","data":{"id":2,"url":"https://discord.com/channels/@me"}},{"timestamp":1697415620.033,"category":"electron","message":"window.focus","type":"ui","data":{"id":2,"url":"https://discord.com/channels/@me"}},{"timestamp":1697415620.033,"category":"electron","message":"app.browser-window-focus","type":"ui"},{"timestamp":1697415625.826,"category":"ui.click","message":"foreignobject > div.wrapper-3kah-n.selected-1Drb7Z[aria-label=\"  Stardust XR\"]"},{"timestamp":1697415626.814,"category":"ui.click","message":"div.notranslate.public-DraftEditor-content[aria-label=\"Search\"] > div > div"},{"timestamp":1697415629.893,"category":"ui.input","message":"div.notranslate.public-DraftEditor-content[aria-label=\"Search\"]"},{"timestamp":1697415740.868,"category":"ui.click","message":"html.mouse-mode.full-motion.app-focused.theme-dark.platform-linux.font-size-16"},{"timestamp":1697415741.272,"category":"ui.input","message":"div.notranslate.public-DraftEditor-content[aria-label=\"Search\"]"},{"timestamp":1697415744.747,"category":"ui.input","message":"div.notranslate.public-DraftEditor-content[aria-label=\"Search\"]"},{"timestamp":1697415749.942,"category":"ui.input","message":"div.notranslate.public-DraftEditor-content[aria-label=\"Search\"]"},{"timestamp":1697415949.558,"category":"ui.click","message":"div.wrapper-3kah-n.selected-1Drb7Z[aria-label=\"  SimulaVR/Simula\"]"},{"timestamp":1697415975.102,"category":"console","level":"log","message":"blackbox: 2023-10-16T00:26:14.811Z 16 ❌ webContents.nresponsive web2"},{"timestamp":1697415987.67,"category":"electron","message":"window.unresponsive","type":"ui","data":{"id":2,"url":"https://discord.com/channels/603723949586644997/922250102930821120"}},{"timestamp":1697416008.038,"category":"electron","message":"window.close","type":"ui","data":{"id":2,"url":"https://discord.com/channels/603723949586644997/922250102930821120"}},{"timestamp":1697416013.975,"category":"electron","message":"window.hide","type":"ui","data":{"id":2,"url":"https://discord.com/channels/603723949586644997/922250102930821120"}},{"timestamp":1697416014.752,"category":"console","level":"log","message":"blackbox: 2023-10-16T00:26:54.608Z 17 window.close win2"},{"timestamp":1697416017.508,"category":"electron","message":"window.close","type":"ui","data":{"id":2,"url":"https://discord.com/channels/603723949586644997/922250102930821120"}},{"timestamp":1697416020.734,"category":"electron","message":"window.hide","type":"ui","data":{"id":2,"url":"https://discord.com/channels/603723949586644997/922250102930821120"}},{"timestamp":1697416026.518,"category":"electron","message":"window.blur","type":"ui","data":{"id":2,"url":"https://discord.com/channels/603723949586644997/922250102930821120"}},{"timestamp":1697416026.626,"category":"electron","message":"app.browser-window-blur","type":"ui"},{"timestamp":1697416039.781,"category":"console","level":"log","message":"blackbox: 2023-10-16T00:27:19.609Z 18 window.close win2"},{"timestamp":1697416085.002,"category":"electron","message":"window.responsive","type":"ui","data":{"id":2,"url":"https://discord.com/channels/603723949586644997/922250102930821120"}},{"timestamp":1697416089.522,"category":"electron","message":"app.child-process-gone","type":"ui"},{"timestamp":1697416089.569,"category":"console","level":"warning","message":"(electron) 'gpu-process-crashed event' is deprecated and will be removed. Please use 'child-process-gone event' instead."},{"timestamp":1697416089.58,"category":"electron","message":"app.gpu-process-crashed","type":"ui"},{"timestamp":1697416089.581,"category":"electron","message":"app.before-quit","type":"ui"},{"timestamp":1697416089.598,"category":"electron","message":"window.close","type":"ui","data":{"id":2,"url":"https://discord.com/channels/603723949586644997/922250102930821120"}}],"sdkProcessingMetadata":{"dynamicSamplingContext":{"environment":"stable","release":"0.0.31","public_key":"67a1d187a8602d62872a3d880e723741","trace_id":"057d943d077c436c999751c9e9b9abee"},"propagationContext":{"traceId":"057d943d077c436c999751c9e9b9abee","spanId":"adb3607af867c2a4"}},"modules":{"mkdirp":"0.5.5","rimraf":"2.7.1","glob":"7.1.7","fs.realpath":"1.0.0","minimatch":"3.1.2","brace-expansion":"1.1.11","concat-map":"0.0.1","balanced-match":"1.0.2","inherits":"2.0.4","path-is-absolute":"1.0.1","inflight":"1.0.6","wrappy":"1.0.2","once":"1.4.0","yauzl":"2.10.0","fd-slicer":"1.1.0","pend":"1.2.0","buffer-crc32":"0.2.13","request":"2.88.0","extend":"3.0.2","tough-cookie":"2.4.3","psl":"1.8.0","json-stringify-safe":"5.0.1","safe-buffer":"5.2.1","aws-sign2":"0.7.0","aws4":"1.11.0","http-signature":"1.2.0","assert-plus":"1.0.0","sshpk":"1.16.1","safer-buffer":"2.1.2","asn1":"0.2.4","ecc-jsbn":"0.1.2","jsbn":"0.1.1","tweetnacl":"0.14.5","jsprim":"1.4.1","extsprintf":"1.3.0","verror":"1.10.0","core-util-is":"1.0.2","json-schema":"0.2.3","mime-types":"2.1.32","mime-db":"1.49.0","caseless":"0.12.0","forever-agent":"0.6.1","form-data":"2.3.3","combined-stream":"1.0.8","delayed-stream":"1.0.0","asynckit":"0.4.0","isstream":"0.1.2","is-typedarray":"1.0.0","qs":"6.5.3","har-validator":"5.1.5","ajv":"6.12.6","uri-js":"4.4.1","fast-deep-equal":"3.1.3","json-schema-traverse":"0.4.1","fast-json-stable-stringify":"2.1.0","har-schema":"2.0.0","uuid":"3.4.0","oauth-sign":"0.9.0","tunnel-agent":"0.6.0","performance-now":"2.1.0","https-proxy-agent":"5.0.1","ms":"2.1.2","agent-base":"6.0.2","lru_map":"0.3.3","cookie":"0.4.2","deepmerge":"4.3.0"},"extra":{"release_channel":"stable","sentry":{"environment":"stable","release":"0.0.31","user":{"id":"141777941569732608","username":"seanofra","email":"seanbergeron42@gmail.com"}},"wm":"i3,i3","nativeBuildNumber":"null","user_id":"141777941569732608","username":"seanofra","email":"seanbergeron42@gmail.com"}}
2023-10-16T00:28:10.102Z 22: Wrote 141472 byte minidump to /home/sl/.config/discord/0.0.31/modules/crashlogs/2023_10_16T00_28_10_013Z-0-minidump.dmp
2023-10-16T00:28:10.126Z 23: Sentry report: {"sdk":{"name":"sentry.javascript.electron","packages":[{"name":"npm:@sentry/electron","version":"4.12.0"}],"version":"4.12.0","integrations":["SentryMinidump","ElectronBreadcrumbs","Net","MainContext","ChildProcess","OnUncaughtException","PreloadInjection","AdditionalContext","Screenshots","InboundFilters","FunctionToString","Console","Http","Undici","OnUnhandledRejection","ContextLines","LocalVariables","Modules","RequestData","LinkedErrors"]},"contexts":{"trace":{"trace_id":"057d943d077c436c999751c9e9b9abee","span_id":"adb3607af867c2a4"},"app":{"app_name":"discord","app_version":"0.0.31","app_start_time":"2023-10-14T19:06:31.797Z"},"os":{"kernel_version":"6.5.7-arch1-1","name":"Arch Linux"},"browser":{"name":"Chrome"},"chrome":{"name":"Chrome","type":"runtime","version":"108.0.5359.215"},"device":{"arch":"x64","family":"Desktop","language":"en-US","screen_density":1,"screen_resolution":"1366x768","memory_size":3916902400,"free_memory":158834688,"processor_count":2,"cpu_description":"Intel(R) Celeron(R) N4020 CPU @ 1.10GHz","processor_frequency":2686},"node":{"name":"Node","type":"runtime","version":"16.17.1"},"runtime":{"name":"Electron","version":"22.3.25"},"electron":{"details":{"type":"GPU","reason":"abnormal-exit","exitCode":512,"serviceName":"GPU"}}},"environment":"stable","release":"0.0.31","user":{"ip_address":"{{auto}}","id":"141777941569732608","username":"seanofra","email":"seanbergeron42@gmail.com"},"tags":{"event.origin":"electron","event.environment":"native","event.process":"GPU","event_type":"native","nativeBuildNumber":"null","exit.reason":"abnormal-exit"},"level":"fatal","platform":"native","breadcrumbs":[{"timestamp":1697404629.065,"category":"electron","message":"window.focus","type":"ui","data":{"id":2,"url":"https://discord.com/channels/1090160915359481907/1090882316357869568"}},{"timestamp":1697404629.066,"category":"electron","message":"app.browser-window-focus","type":"ui"},{"timestamp":1697404630.393,"category":"ui.click","message":"div#message-accessories-1163223237975605418.container-2sjPya"},{"timestamp":1697404634.564,"category":"ui.input","message":"input.input-2FSSDe[aria-label=\"Search emoji\"][type=\"text\"]"},{"timestamp":1697404637.581,"category":"electron","message":"window.blur","type":"ui","data":{"id":2,"url":"https://discord.com/channels/1090160915359481907/1090882316357869568"}},{"timestamp":1697404637.585,"category":"electron","message":"app.browser-window-blur","type":"ui"},{"timestamp":1697407621.826,"category":"console","level":"log","message":"mainScreen.UpdaterEvents: CHECK_FOR_UPDATES UPDATE_NOT_AVAILABLE"},{"timestamp":1697407621.862,"category":"console","level":"log","message":"2023-10-15T22:07:01.862Z [Modules] Host is up to date."},{"timestamp":1697407621.863,"category":"console","level":"log","message":"2023-10-15T22:07:01.863Z [Modules] Checking for module updates at https://discord.com/api/modules/stable/versions.json"},{"timestamp":1697407622.037,"type":"http","category":"electron.net","data":{"url":"https://discord.com/api/modules/stable/versions.json?host_version=0.0.31&platform=linux&_=5658025","method":"GET","status_code":200}},{"timestamp":1697407622.039,"category":"console","level":"log","message":"2023-10-15T22:07:02.039Z [Modules] No module updates available."},{"timestamp":1697407622.04,"category":"console","level":"log","message":"legacyModuleUpdater: update-check-finished"},{"timestamp":1697411221.825,"category":"console","level":"log","message":"mainScreen.UpdaterEvents: CHECK_FOR_UPDATES UPDATE_NOT_AVAILABLE"},{"timestamp":1697411221.825,"category":"console","level":"log","message":"2023-10-15T23:07:01.825Z [Modules] Host is up to date."},{"timestamp":1697411221.826,"category":"console","level":"log","message":"2023-10-15T23:07:01.826Z [Modules] Checking for module updates at https://discord.com/api/modules/stable/versions.json"},{"timestamp":1697411221.912,"type":"http","category":"electron.net","data":{"url":"https://discord.com/api/modules/stable/versions.json?host_version=0.0.31&platform=linux&_=5658037","method":"GET","status_code":200}},{"timestamp":1697411221.914,"category":"console","level":"log","message":"2023-10-15T23:07:01.913Z [Modules] No module updates available."},{"timestamp":1697411221.914,"category":"console","level":"log","message":"legacyModuleUpdater: update-check-finished"},{"timestamp":1697412643.417,"category":"electron","message":"window.focus","type":"ui","data":{"id":2,"url":"https://discord.com/channels/1090160915359481907/1090882316357869568"}},{"timestamp":1697412643.417,"category":"electron","message":"app.browser-window-focus","type":"ui"},{"timestamp":1697412647.221,"category":"ui.click","message":"div.childWrapper-1j_1ub"},{"timestamp":1697412650.818,"category":"ui.click","message":"foreignobject > div.wrapper-3kah-n.selected-1Drb7Z[aria-label=\"  mµcci men\"]"},{"timestamp":1697412656.625,"category":"ui.click","message":"div.label-3CEiKJ"},{"timestamp":1697412665.916,"category":"ui.click","message":"div.scroller-nxCRu_.thin-RnSY0a.scrollerBase-1Pkza4"},{"timestamp":1697412666.769,"category":"ui.click","message":"div#user-context-block.item-5ApiZt.labelContainer-35-WEd.colorDefault-2_rLdz.focused-3LIdPu."},{"timestamp":1697412667.949,"category":"ui.click","message":"button.button-ejjZWC.lookFilled-1H2Jvj.colorRed-2VFhM4.sizeMedium-2oH5mg.grow-2T4nbg[type=\"submit\"]"},{"timestamp":1697412670.394,"category":"electron","message":"window.blur","type":"ui","data":{"id":2,"url":"https://discord.com/channels/@me"}},{"timestamp":1697412670.394,"category":"electron","message":"app.browser-window-blur","type":"ui"},{"timestamp":1697413636.184,"category":"electron","message":"window.focus","type":"ui","data":{"id":2,"url":"https://discord.com/channels/@me"}},{"timestamp":1697413636.185,"category":"electron","message":"app.browser-window-focus","type":"ui"},{"timestamp":1697413637.001,"category":"electron","message":"window.blur","type":"ui","data":{"id":2,"url":"https://discord.com/channels/@me"}},{"timestamp":1697413637.004,"category":"electron","message":"app.browser-window-blur","type":"ui"},{"timestamp":1697413831.025,"category":"electron","message":"window.focus","type":"ui","data":{"id":2,"url":"https://discord.com/channels/@me"}},{"timestamp":1697413831.026,"category":"electron","message":"app.browser-window-focus","type":"ui"},{"timestamp":1697413834.944,"category":"ui.click","message":"foreignobject > div.wrapper-3kah-n.selected-1Drb7Z[aria-label=\"  Stardust XR\"]"},{"timestamp":1697413838.335,"category":"ui.click","message":"div.upperContainer-2DCPUA > div.toolbar-3_r2xA"},{"timestamp":1697413838.839,"category":"ui.input","message":"div.notranslate.public-DraftEditor-content[aria-label=\"Search\"]"},{"timestamp":1697413899.469,"category":"electron","message":"window.blur","type":"ui","data":{"id":2,"url":"https://discord.com/channels/647222689777582080/659858947896770590"}},{"timestamp":1697413899.47,"category":"electron","message":"app.browser-window-blur","type":"ui"},{"timestamp":1697413979.05,"category":"electron","message":"window.focus","type":"ui","data":{"id":2,"url":"https://discord.com/channels/647222689777582080/659858947896770590"}},{"timestamp":1697413979.058,"category":"electron","message":"app.browser-window-focus","type":"ui"},{"timestamp":1697413981.012,"category":"ui.click","message":"div.upperContainer-2DCPUA > div.toolbar-3_r2xA"},{"timestamp":1697413981.342,"category":"ui.input","message":"div.notranslate.public-DraftEditor-content[aria-label=\"Search\"]"},{"timestamp":1697414119.865,"category":"ui.click","message":"div.roundButton-2mKRqM.pageButton-uta6J3[aria-label=\"Page 2\"]"},{"timestamp":1697414161.492,"category":"ui.click","message":"div.roundButton-2mKRqM.pageButton-uta6J3[aria-label=\"Page 3\"]"},{"timestamp":1697414213.088,"category":"electron","message":"window.blur","type":"ui","data":{"id":2,"url":"https://discord.com/channels/647222689777582080/659858947896770590/1144032782146883746"}},{"timestamp":1697414213.088,"category":"electron","message":"app.browser-window-blur","type":"ui"},{"timestamp":1697414614.805,"category":"electron","message":"window.focus","type":"ui","data":{"id":2,"url":"https://discord.com/channels/647222689777582080/659858947896770590/1144032782146883746"}},{"timestamp":1697414614.806,"category":"electron","message":"app.browser-window-focus","type":"ui"},{"timestamp":1697414618.721,"category":"ui.click","message":"div.childWrapper-1j_1ub"},{"timestamp":1697414620.518,"category":"ui.click","message":"div.inner-2pOSmK > input.input-2m5SfJ[aria-label=\"Search\"]"},{"timestamp":1697414620.742,"category":"ui.input","message":"div.inner-2pOSmK > input.input-2m5SfJ[aria-label=\"Search\"]"},{"timestamp":1697414624.43,"category":"ui.click","message":"div"},{"timestamp":1697414630.557,"category":"electron","message":"window.blur","type":"ui","data":{"id":2,"url":"https://discord.com/channels/@me"}},{"timestamp":1697414630.558,"category":"electron","message":"app.browser-window-blur","type":"ui"},{"timestamp":1697414631.805,"category":"electron","message":"window.focus","type":"ui","data":{"id":2,"url":"https://discord.com/channels/@me"}},{"timestamp":1697414631.805,"category":"electron","message":"app.browser-window-focus","type":"ui"},{"timestamp":1697414633.145,"category":"electron","message":"window.close","type":"ui","data":{"id":2,"url":"https://discord.com/channels/@me"}},{"timestamp":1697414633.158,"category":"electron","message":"window.hide","type":"ui","data":{"id":2,"url":"https://discord.com/channels/@me"}},{"timestamp":1697414633.159,"category":"console","level":"log","message":"blackbox: 2023-10-16T00:03:53.158Z 15 window.close win2"},{"timestamp":1697414633.175,"category":"electron","message":"window.blur","type":"ui","data":{"id":2,"url":"https://discord.com/channels/@me"}},{"timestamp":1697414633.175,"category":"electron","message":"app.browser-window-blur","type":"ui"},{"timestamp":1697414821.861,"category":"console","level":"log","message":"mainScreen.UpdaterEvents: CHECK_FOR_UPDATES UPDATE_NOT_AVAILABLE"},{"timestamp":1697414821.862,"category":"console","level":"log","message":"2023-10-16T00:07:01.862Z [Modules] Host is up to date."},{"timestamp":1697414821.863,"category":"console","level":"log","message":"2023-10-16T00:07:01.863Z [Modules] Checking for module updates at https://discord.com/api/modules/stable/versions.json"},{"timestamp":1697414821.952,"type":"http","category":"electron.net","data":{"url":"https://discord.com/api/modules/stable/versions.json?host_version=0.0.31&platform=linux&_=5658049","method":"GET","status_code":200}},{"timestamp":1697414821.956,"category":"console","level":"log","message":"2023-10-16T00:07:01.956Z [Modules] No module updates available."},{"timestamp":1697414821.957,"category":"console","level":"log","message":"legacyModuleUpdater: update-check-finished"},{"timestamp":1697415620.015,"category":"electron","message":"app.second-instance","type":"ui"},{"timestamp":1697415620.026,"category":"electron","message":"window.show","type":"ui","data":{"id":2,"url":"https://discord.com/channels/@me"}},{"timestamp":1697415620.027,"category":"electron","message":"window.show","type":"ui","data":{"id":2,"url":"https://discord.com/channels/@me"}},{"timestamp":1697415620.033,"category":"electron","message":"window.focus","type":"ui","data":{"id":2,"url":"https://discord.com/channels/@me"}},{"timestamp":1697415620.033,"category":"electron","message":"app.browser-window-focus","type":"ui"},{"timestamp":1697415625.826,"category":"ui.click","message":"foreignobject > div.wrapper-3kah-n.selected-1Drb7Z[aria-label=\"  Stardust XR\"]"},{"timestamp":1697415626.814,"category":"ui.click","message":"div.notranslate.public-DraftEditor-content[aria-label=\"Search\"] > div > div"},{"timestamp":1697415629.893,"category":"ui.input","message":"div.notranslate.public-DraftEditor-content[aria-label=\"Search\"]"},{"timestamp":1697415740.868,"category":"ui.click","message":"html.mouse-mode.full-motion.app-focused.theme-dark.platform-linux.font-size-16"},{"timestamp":1697415741.272,"category":"ui.input","message":"div.notranslate.public-DraftEditor-content[aria-label=\"Search\"]"},{"timestamp":1697415744.747,"category":"ui.input","message":"div.notranslate.public-DraftEditor-content[aria-label=\"Search\"]"},{"timestamp":1697415749.942,"category":"ui.input","message":"div.notranslate.public-DraftEditor-content[aria-label=\"Search\"]"},{"timestamp":1697415949.558,"category":"ui.click","message":"div.wrapper-3kah-n.selected-1Drb7Z[aria-label=\"  SimulaVR/Simula\"]"},{"timestamp":1697415975.102,"category":"console","level":"log","message":"blackbox: 2023-10-16T00:26:14.811Z 16 ❌ webContents.nresponsive web2"},{"timestamp":1697415987.67,"category":"electron","message":"window.unresponsive","type":"ui","data":{"id":2,"url":"https://discord.com/channels/603723949586644997/922250102930821120"}},{"timestamp":1697416008.038,"category":"electron","message":"window.close","type":"ui","data":{"id":2,"url":"https://discord.com/channels/603723949586644997/922250102930821120"}},{"timestamp":1697416013.975,"category":"electron","message":"window.hide","type":"ui","data":{"id":2,"url":"https://discord.com/channels/603723949586644997/922250102930821120"}},{"timestamp":1697416014.752,"category":"console","level":"log","message":"blackbox: 2023-10-16T00:26:54.608Z 17 window.close win2"},{"timestamp":1697416017.508,"category":"electron","message":"window.close","type":"ui","data":{"id":2,"url":"https://discord.com/channels/603723949586644997/922250102930821120"}},{"timestamp":1697416020.734,"category":"electron","message":"window.hide","type":"ui","data":{"id":2,"url":"https://discord.com/channels/603723949586644997/922250102930821120"}},{"timestamp":1697416026.518,"category":"electron","message":"window.blur","type":"ui","data":{"id":2,"url":"https://discord.com/channels/603723949586644997/922250102930821120"}},{"timestamp":1697416026.626,"category":"electron","message":"app.browser-window-blur","type":"ui"},{"timestamp":1697416039.781,"category":"console","level":"log","message":"blackbox: 2023-10-16T00:27:19.609Z 18 window.close win2"},{"timestamp":1697416085.002,"category":"electron","message":"window.responsive","type":"ui","data":{"id":2,"url":"https://discord.com/channels/603723949586644997/922250102930821120"}},{"timestamp":1697416089.522,"category":"electron","message":"app.child-process-gone","type":"ui"},{"timestamp":1697416089.569,"category":"console","level":"warning","message":"(electron) 'gpu-process-crashed event' is deprecated and will be removed. Please use 'child-process-gone event' instead."},{"timestamp":1697416089.58,"category":"electron","message":"app.gpu-process-crashed","type":"ui"},{"timestamp":1697416089.581,"category":"electron","message":"app.before-quit","type":"ui"},{"timestamp":1697416089.598,"category":"electron","message":"window.close","type":"ui","data":{"id":2,"url":"https://discord.com/channels/603723949586644997/922250102930821120"}},{"timestamp":1697416089.668,"type":"process","category":"child-process","message":"'GPU' process exited with 'abnormal-exit'","level":"warning","data":{"type":"GPU","reason":"abnormal-exit","exitCode":512,"serviceName":"GPU"}},{"timestamp":1697416089.686,"category":"console","level":"error","message":"child-process-gone! child: GPU (undefined) exitCode: 512"},{"timestamp":1697416089.693,"category":"console","level":"log","message":"blackbox: 2023-10-16T00:28:09.687Z 19 window.close win2"},{"timestamp":1697404630.393,"category":"ui.click","message":"div#message-accessories-1163223237975605418.container-2sjPya"},{"timestamp":1697404634.564,"category":"ui.input","message":"input.input-2FSSDe[aria-label=\"Search emoji\"][type=\"text\"]"},{"timestamp":1697404637.581,"category":"electron","message":"window.blur","type":"ui","data":{"id":2,"url":"https://discord.com/channels/1090160915359481907/1090882316357869568"}},{"timestamp":1697404637.585,"category":"electron","message":"app.browser-window-blur","type":"ui"},{"timestamp":1697407621.826,"category":"console","level":"log","message":"mainScreen.UpdaterEvents: CHECK_FOR_UPDATES UPDATE_NOT_AVAILABLE"},{"timestamp":1697407621.862,"category":"console","level":"log","message":"2023-10-15T22:07:01.862Z [Modules] Host is up to date."},{"timestamp":1697407621.863,"category":"console","level":"log","message":"2023-10-15T22:07:01.863Z [Modules] Checking for module updates at https://discord.com/api/modules/stable/versions.json"},{"timestamp":1697407622.037,"type":"http","category":"electron.net","data":{"url":"https://discord.com/api/modules/stable/versions.json?host_version=0.0.31&platform=linux&_=5658025","method":"GET","status_code":200}},{"timestamp":1697407622.039,"category":"console","level":"log","message":"2023-10-15T22:07:02.039Z [Modules] No module updates available."},{"timestamp":1697407622.04,"category":"console","level":"log","message":"legacyModuleUpdater: update-check-finished"},{"timestamp":1697411221.825,"category":"console","level":"log","message":"mainScreen.UpdaterEvents: CHECK_FOR_UPDATES UPDATE_NOT_AVAILABLE"},{"timestamp":1697411221.825,"category":"console","level":"log","message":"2023-10-15T23:07:01.825Z [Modules] Host is up to date."},{"timestamp":1697411221.826,"category":"console","level":"log","message":"2023-10-15T23:07:01.826Z [Modules] Checking for module updates at https://discord.com/api/modules/stable/versions.json"},{"timestamp":1697411221.912,"type":"http","category":"electron.net","data":{"url":"https://discord.com/api/modules/stable/versions.json?host_version=0.0.31&platform=linux&_=5658037","method":"GET","status_code":200}},{"timestamp":1697411221.914,"category":"console","level":"log","message":"2023-10-15T23:07:01.913Z [Modules] No module updates available."},{"timestamp":1697411221.914,"category":"console","level":"log","message":"legacyModuleUpdater: update-check-finished"},{"timestamp":1697412643.417,"category":"electron","message":"window.focus","type":"ui","data":{"id":2,"url":"https://discord.com/channels/1090160915359481907/1090882316357869568"}},{"timestamp":1697412643.417,"category":"electron","message":"app.browser-window-focus","type":"ui"},{"timestamp":1697412647.221,"category":"ui.click","message":"div.childWrapper-1j_1ub"},{"timestamp":1697412650.818,"category":"ui.click","message":"foreignobject > div.wrapper-3kah-n.selected-1Drb7Z[aria-label=\"  mµcci men\"]"},{"timestamp":1697412656.625,"category":"ui.click","message":"div.label-3CEiKJ"},{"timestamp":1697412665.916,"category":"ui.click","message":"div.scroller-nxCRu_.thin-RnSY0a.scrollerBase-1Pkza4"},{"timestamp":1697412666.769,"category":"ui.click","message":"div#user-context-block.item-5ApiZt.labelContainer-35-WEd.colorDefault-2_rLdz.focused-3LIdPu."},{"timestamp":1697412667.949,"category":"ui.click","message":"button.button-ejjZWC.lookFilled-1H2Jvj.colorRed-2VFhM4.sizeMedium-2oH5mg.grow-2T4nbg[type=\"submit\"]"},{"timestamp":1697412670.394,"category":"electron","message":"window.blur","type":"ui","data":{"id":2,"url":"https://discord.com/channels/@me"}},{"timestamp":1697412670.394,"category":"electron","message":"app.browser-window-blur","type":"ui"},{"timestamp":1697413636.184,"category":"electron","message":"window.focus","type":"ui","data":{"id":2,"url":"https://discord.com/channels/@me"}},{"timestamp":1697413636.185,"category":"electron","message":"app.browser-window-focus","type":"ui"},{"timestamp":1697413637.001,"category":"electron","message":"window.blur","type":"ui","data":{"id":2,"url":"https://discord.com/channels/@me"}},{"timestamp":1697413637.004,"category":"electron","message":"app.browser-window-blur","type":"ui"},{"timestamp":1697413831.025,"category":"electron","message":"window.focus","type":"ui","data":{"id":2,"url":"https://discord.com/channels/@me"}},{"timestamp":1697413831.026,"category":"electron","message":"app.browser-window-focus","type":"ui"},{"timestamp":1697413834.944,"category":"ui.click","message":"foreignobject > div.wrapper-3kah-n.selected-1Drb7Z[aria-label=\"  Stardust XR\"]"},{"timestamp":1697413838.335,"category":"ui.click","message":"div.upperContainer-2DCPUA > div.toolbar-3_r2xA"},{"timestamp":1697413838.839,"category":"ui.input","message":"div.notranslate.public-DraftEditor-content[aria-label=\"Search\"]"},{"timestamp":1697413899.469,"category":"electron","message":"window.blur","type":"ui","data":{"id":2,"url":"https://discord.com/channels/647222689777582080/659858947896770590"}},{"timestamp":1697413899.47,"category":"electron","message":"app.browser-window-blur","type":"ui"},{"timestamp":1697413979.05,"category":"electron","message":"window.focus","type":"ui","data":{"id":2,"url":"https://discord.com/channels/647222689777582080/659858947896770590"}},{"timestamp":1697413979.058,"category":"electron","message":"app.browser-window-focus","type":"ui"},{"timestamp":1697413981.012,"category":"ui.click","message":"div.upperContainer-2DCPUA > div.toolbar-3_r2xA"},{"timestamp":1697413981.342,"category":"ui.input","message":"div.notranslate.public-DraftEditor-content[aria-label=\"Search\"]"},{"timestamp":1697414119.865,"category":"ui.click","message":"div.roundButton-2mKRqM.pageButton-uta6J3[aria-label=\"Page 2\"]"},{"timestamp":1697414161.492,"category":"ui.click","message":"div.roundButton-2mKRqM.pageButton-uta6J3[aria-label=\"Page 3\"]"},{"timestamp":1697414213.088,"category":"electron","message":"window.blur","type":"ui","data":{"id":2,"url":"https://discord.com/channels/647222689777582080/659858947896770590/1144032782146883746"}},{"timestamp":1697414213.088,"category":"electron","message":"app.browser-window-blur","type":"ui"},{"timestamp":1697414614.805,"category":"electron","message":"window.focus","type":"ui","data":{"id":2,"url":"https://discord.com/channels/647222689777582080/659858947896770590/1144032782146883746"}},{"timestamp":1697414614.806,"category":"electron","message":"app.browser-window-focus","type":"ui"},{"timestamp":1697414618.721,"category":"ui.click","message":"div.childWrapper-1j_1ub"},{"timestamp":1697414620.518,"category":"ui.click","message":"div.inner-2pOSmK > input.input-2m5SfJ[aria-label=\"Search\"]"},{"timestamp":1697414620.742,"category":"ui.input","message":"div.inner-2pOSmK > input.input-2m5SfJ[aria-label=\"Search\"]"},{"timestamp":1697414624.43,"category":"ui.click","message":"div"},{"timestamp":1697414630.557,"category":"electron","message":"window.blur","type":"ui","data":{"id":2,"url":"https://discord.com/channels/@me"}},{"timestamp":1697414630.558,"category":"electron","message":"app.browser-window-blur","type":"ui"},{"timestamp":1697414631.805,"category":"electron","message":"window.focus","type":"ui","data":{"id":2,"url":"https://discord.com/channels/@me"}},{"timestamp":1697414631.805,"category":"electron","message":"app.browser-window-focus","type":"ui"},{"timestamp":1697414633.145,"category":"electron","message":"window.close","type":"ui","data":{"id":2,"url":"https://discord.com/channels/@me"}},{"timestamp":1697414633.158,"category":"electron","message":"window.hide","type":"ui","data":{"id":2,"url":"https://discord.com/channels/@me"}},{"timestamp":1697414633.159,"category":"console","level":"log","message":"blackbox: 2023-10-16T00:03:53.158Z 15 window.close win2"},{"timestamp":1697414633.175,"category":"electron","message":"window.blur","type":"ui","data":{"id":2,"url":"https://discord.com/channels/@me"}},{"timestamp":1697414633.175,"category":"electron","message":"app.browser-window-blur","type":"ui"},{"timestamp":1697414821.861,"category":"console","level":"log","message":"mainScreen.UpdaterEvents: CHECK_FOR_UPDATES UPDATE_NOT_AVAILABLE"},{"timestamp":1697414821.862,"category":"console","level":"log","message":"2023-10-16T00:07:01.862Z [Modules] Host is up to date."},{"timestamp":1697414821.863,"category":"console","level":"log","message":"2023-10-16T00:07:01.863Z [Modules] Checking for module updates at https://discord.com/api/modules/stable/versions.json"},{"timestamp":1697414821.952,"type":"http","category":"electron.net","data":{"url":"https://discord.com/api/modules/stable/versions.json?host_version=0.0.31&platform=linux&_=5658049","method":"GET","status_code":200}},{"timestamp":1697414821.956,"category":"console","level":"log","message":"2023-10-16T00:07:01.956Z [Modules] No module updates available."},{"timestamp":1697414821.957,"category":"console","level":"log","message":"legacyModuleUpdater: update-check-finished"},{"timestamp":1697415620.015,"category":"electron","message":"app.second-instance","type":"ui"},{"timestamp":1697415620.026,"category":"electron","message":"window.show","type":"ui","data":{"id":2,"url":"https://discord.com/channels/@me"}},{"timestamp":1697415620.027,"category":"electron","message":"window.show","type":"ui","data":{"id":2,"url":"https://discord.com/channels/@me"}},{"timestamp":1697415620.033,"category":"electron","message":"window.focus","type":"ui","data":{"id":2,"url":"https://discord.com/channels/@me"}},{"timestamp":1697415620.033,"category":"electron","message":"app.browser-window-focus","type":"ui"},{"timestamp":1697415625.826,"category":"ui.click","message":"foreignobject > div.wrapper-3kah-n.selected-1Drb7Z[aria-label=\"  Stardust XR\"]"},{"timestamp":1697415626.814,"category":"ui.click","message":"div.notranslate.public-DraftEditor-content[aria-label=\"Search\"] > div > div"},{"timestamp":1697415629.893,"category":"ui.input","message":"div.notranslate.public-DraftEditor-content[aria-label=\"Search\"]"},{"timestamp":1697415740.868,"category":"ui.click","message":"html.mouse-mode.full-motion.app-focused.theme-dark.platform-linux.font-size-16"},{"timestamp":1697415741.272,"category":"ui.input","message":"div.notranslate.public-DraftEditor-content[aria-label=\"Search\"]"},{"timestamp":1697415744.747,"category":"ui.input","message":"div.notranslate.public-DraftEditor-content[aria-label=\"Search\"]"},{"timestamp":1697415749.942,"category":"ui.input","message":"div.notranslate.public-DraftEditor-content[aria-label=\"Search\"]"},{"timestamp":1697415949.558,"category":"ui.click","message":"div.wrapper-3kah-n.selected-1Drb7Z[aria-label=\"  SimulaVR/Simula\"]"},{"timestamp":1697415975.102,"category":"console","level":"log","message":"blackbox: 2023-10-16T00:26:14.811Z 16 ❌ webContents.nresponsive web2"},{"timestamp":1697415987.67,"category":"electron","message":"window.unresponsive","type":"ui","data":{"id":2,"url":"https://discord.com/channels/603723949586644997/922250102930821120"}},{"timestamp":1697416008.038,"category":"electron","message":"window.close","type":"ui","data":{"id":2,"url":"https://discord.com/channels/603723949586644997/922250102930821120"}},{"timestamp":1697416013.975,"category":"electron","message":"window.hide","type":"ui","data":{"id":2,"url":"https://discord.com/channels/603723949586644997/922250102930821120"}},{"timestamp":1697416014.752,"category":"console","level":"log","message":"blackbox: 2023-10-16T00:26:54.608Z 17 window.close win2"},{"timestamp":1697416017.508,"category":"electron","message":"window.close","type":"ui","data":{"id":2,"url":"https://discord.com/channels/603723949586644997/922250102930821120"}},{"timestamp":1697416020.734,"category":"electron","message":"window.hide","type":"ui","data":{"id":2,"url":"https://discord.com/channels/603723949586644997/922250102930821120"}},{"timestamp":1697416026.518,"category":"electron","message":"window.blur","type":"ui","data":{"id":2,"url":"https://discord.com/channels/603723949586644997/922250102930821120"}},{"timestamp":1697416026.626,"category":"electron","message":"app.browser-window-blur","type":"ui"},{"timestamp":1697416039.781,"category":"console","level":"log","message":"blackbox: 2023-10-16T00:27:19.609Z 18 window.close win2"},{"timestamp":1697416085.002,"category":"electron","message":"window.responsive","type":"ui","data":{"id":2,"url":"https://discord.com/channels/603723949586644997/922250102930821120"}},{"timestamp":1697416089.522,"category":"electron","message":"app.child-process-gone","type":"ui"},{"timestamp":1697416089.569,"category":"console","level":"warning","message":"(electron) 'gpu-process-crashed event' is deprecated and will be removed. Please use 'child-process-gone event' instead."},{"timestamp":1697416089.58,"category":"electron","message":"app.gpu-process-crashed","type":"ui"},{"timestamp":1697416089.581,"category":"electron","message":"app.before-quit","type":"ui"},{"timestamp":1697416089.598,"category":"electron","message":"window.close","type":"ui","data":{"id":2,"url":"https://discord.com/channels/603723949586644997/922250102930821120"}},{"timestamp":1697416089.668,"type":"process","category":"child-process","message":"'GPU' process exited with 'abnormal-exit'","level":"warning","data":{"type":"GPU","reason":"abnormal-exit","exitCode":512,"serviceName":"GPU"}},{"timestamp":1697416089.686,"category":"console","level":"error","message":"child-process-gone! child: GPU (undefined) exitCode: 512"},{"timestamp":1697416089.693,"category":"console","level":"log","message":"blackbox: 2023-10-16T00:28:09.687Z 19 window.close win2"},{"timestamp":1697416089.854,"category":"electron","message":"app.gpu-process-crashed","type":"ui"},{"timestamp":1697416089.867,"category":"console","level":"log","message":"blackbox: 2023-10-16T00:28:09.867Z 20 ❌ child-process-gone {\n  type: 'GPU',\n  reason: 'abnormal-exit',\n  exitCode: 512,\n  serviceName: 'GPU'\n}"}],"modules":{"mkdirp":"0.5.5","rimraf":"2.7.1","glob":"7.1.7","fs.realpath":"1.0.0","minimatch":"3.1.2","brace-expansion":"1.1.11","concat-map":"0.0.1","balanced-match":"1.0.2","inherits":"2.0.4","path-is-absolute":"1.0.1","inflight":"1.0.6","wrappy":"1.0.2","once":"1.4.0","yauzl":"2.10.0","fd-slicer":"1.1.0","pend":"1.2.0","buffer-crc32":"0.2.13","request":"2.88.0","extend":"3.0.2","tough-cookie":"2.4.3","psl":"1.8.0","json-stringify-safe":"5.0.1","safe-buffer":"5.2.1","aws-sign2":"0.7.0","aws4":"1.11.0","http-signature":"1.2.0","assert-plus":"1.0.0","sshpk":"1.16.1","safer-buffer":"2.1.2","asn1":"0.2.4","ecc-jsbn":"0.1.2","jsbn":"0.1.1","tweetnacl":"0.14.5","jsprim":"1.4.1","extsprintf":"1.3.0","verror":"1.10.0","core-util-is":"1.0.2","json-schema":"0.2.3","mime-types":"2.1.32","mime-db":"1.49.0","caseless":"0.12.0","forever-agent":"0.6.1","form-data":"2.3.3","combined-stream":"1.0.8","delayed-stream":"1.0.0","asynckit":"0.4.0","isstream":"0.1.2","is-typedarray":"1.0.0","qs":"6.5.3","har-validator":"5.1.5","ajv":"6.12.6","uri-js":"4.4.1","fast-deep-equal":"3.1.3","json-schema-traverse":"0.4.1","fast-json-stable-stringify":"2.1.0","har-schema":"2.0.0","uuid":"3.4.0","oauth-sign":"0.9.0","tunnel-agent":"0.6.0","performance-now":"2.1.0","https-proxy-agent":"5.0.1","ms":"2.1.2","agent-base":"6.0.2","lru_map":"0.3.3","cookie":"0.4.2","deepmerge":"4.3.0"},"event_id":"afc4e5eaafa54ccbbddcae064159c5a3","timestamp":1697416089.876,"extra":{"release_channel":"stable","sentry":{"environment":"stable","release":"0.0.31","user":{"id":"141777941569732608","username":"seanofra","email":"seanbergeron42@gmail.com"}},"wm":"i3,i3","nativeBuildNumber":"null","user_id":"141777941569732608","username":"seanofra","email":"seanbergeron42@gmail.com"}}
2023-10-16T00:28:10.656Z 24: webContents.destroyed web2
2023-10-16T00:28:10.717Z 25: window.closed win2
2023-10-16T00:47:39.421Z 0: 

----------------------------------------------
2023-10-16T00:47:39.463Z 1: Discord starting: {"releaseChannel":"stable","version":"0.0.31"}, modulepath: /home/sl/.config/discord/0.0.31/modules
2023-10-16T00:47:39.521Z 2: ✅ webContents.created web1 ""
2023-10-16T00:47:39.534Z 3: ✅ window.created win1 "discord"
2023-10-16T00:47:39.916Z 4: ✅ webContents.did-finish-load web1
2023-10-16T00:47:40.100Z 5: ✅ webContents.created web2 ""
2023-10-16T00:47:40.132Z 6: ✅ window.created win2 "Discord"
2023-10-16T00:47:52.668Z 7: ✅ webContents.did-finish-load web2
2023-10-16T00:47:52.759Z 8: window.close win1
2023-10-16T00:47:52.828Z 9: webContents.destroyed web1
2023-10-16T00:47:52.830Z 10: window.closed win1
2023-10-16T03:16:59.561Z 11: window.close win2
2023-10-16T05:03:28.242Z 0: 

----------------------------------------------
2023-10-16T05:03:28.306Z 1: Discord starting: {"releaseChannel":"stable","version":"0.0.31"}, modulepath: /home/sl/.config/discord/0.0.31/modules
2023-10-16T11:21:21.376Z 12: window.close win2
2023-10-16T16:55:40.069Z 0: 

----------------------------------------------
2023-10-16T16:55:40.109Z 1: Discord starting: {"releaseChannel":"stable","version":"0.0.31"}, modulepath: /home/sl/.config/discord/0.0.31/modules
2023-10-16T16:55:40.171Z 2: ✅ webContents.created web1 ""
2023-10-16T16:55:40.186Z 3: ✅ window.created win1 "discord"
2023-10-16T16:55:40.898Z 4: ✅ webContents.created web2 ""
2023-10-16T16:55:40.943Z 5: ✅ window.created win2 "Discord"
2023-10-16T16:55:40.984Z 6: ✅ webContents.did-finish-load web1
2023-10-16T16:55:49.956Z 7: ✅ webContents.did-finish-load web2
2023-10-16T16:55:50.044Z 8: window.close win1
2023-10-16T16:55:50.067Z 9: webContents.destroyed web1
2023-10-16T16:55:50.075Z 10: window.closed win1
2023-10-17T18:52:00.798Z 11: window.close win2
2023-10-17T19:02:35.105Z 0: 

----------------------------------------------
2023-10-17T19:02:35.121Z 1: Discord starting: {"releaseChannel":"stable","version":"0.0.31"}, modulepath: /home/sl/.config/discord/0.0.31/modules
2023-10-17T19:10:46.755Z 12: window.close win2
2023-10-17T19:54:10.431Z 0: 

----------------------------------------------
2023-10-17T19:54:10.452Z 1: Discord starting: {"releaseChannel":"stable","version":"0.0.31"}, modulepath: /home/sl/.config/discord/0.0.31/modules
2023-10-17T20:16:42.582Z 13: window.close win2
2023-10-17T20:17:54.246Z 0: 

----------------------------------------------
2023-10-17T20:17:54.324Z 1: Discord starting: {"releaseChannel":"stable","version":"0.0.31"}, modulepath: /home/sl/.config/discord/0.0.31/modules
2023-10-17T20:17:54.334Z 2: ✅ webContents.created web1 ""
2023-10-17T20:17:54.380Z 3: ✅ window.created win1 "discord"
2023-10-17T20:17:54.856Z 4: ✅ webContents.did-finish-load web1
2023-10-17T20:17:55.247Z 5: ✅ webContents.created web2 ""
2023-10-17T20:17:55.288Z 6: ✅ window.created win2 "Discord"
2023-10-17T20:18:04.933Z 7: ✅ webContents.did-finish-load web2
2023-10-17T20:18:05.019Z 8: window.close win1
2023-10-17T20:18:05.100Z 9: webContents.destroyed web1
2023-10-17T20:18:05.103Z 10: window.closed win1
2023-10-18T09:47:29.846Z 11: window.close win2
2023-10-18T10:31:57.826Z 0: 

----------------------------------------------
2023-10-18T10:31:57.844Z 1: Discord starting: {"releaseChannel":"stable","version":"0.0.31"}, modulepath: /home/sl/.config/discord/0.0.31/modules
2023-10-18T11:55:06.392Z 12: window.close win2
2023-10-18T12:25:36.068Z 0: 

----------------------------------------------
2023-10-18T12:25:36.103Z 1: Discord starting: {"releaseChannel":"stable","version":"0.0.31"}, modulepath: /home/sl/.config/discord/0.0.31/modules
2023-10-20T11:43:45.897Z 13: window.close win2
2023-10-20T13:21:17.127Z 0: 

----------------------------------------------
2023-10-20T13:21:17.185Z 1: Discord starting: {"releaseChannel":"stable","version":"0.0.31"}, modulepath: /home/sl/.config/discord/0.0.31/modules
2023-10-20T13:21:17.206Z 2: ✅ webContents.created web1 ""
2023-10-20T13:21:17.218Z 3: ✅ window.created win1 "discord"
2023-10-20T13:21:17.818Z 4: ✅ webContents.did-finish-load web1
2023-10-20T13:21:18.126Z 5: ✅ webContents.created web2 ""
2023-10-20T13:21:18.165Z 6: ✅ window.created win2 "Discord"
2023-10-20T13:21:27.812Z 7: ✅ webContents.did-finish-load web2
2023-10-20T13:21:27.911Z 8: window.close win1
2023-10-20T13:21:27.941Z 9: webContents.destroyed web1
2023-10-20T13:21:27.952Z 10: window.closed win1
2023-10-22T02:28:15.365Z 11: window.close win2
2023-10-22T15:41:41.957Z 0: 

----------------------------------------------
2023-10-22T15:41:41.995Z 1: Discord starting: {"releaseChannel":"stable","version":"0.0.31"}, modulepath: /home/sl/.config/discord/0.0.31/modules
2023-10-22T15:41:42.066Z 2: ✅ webContents.created web1 ""
2023-10-22T15:41:42.073Z 3: ✅ window.created win1 "discord"
2023-10-22T15:41:42.562Z 4: ✅ webContents.did-finish-load web1
2023-10-22T15:41:43.230Z 5: ✅ webContents.created web2 ""
2023-10-22T15:41:43.288Z 6: ✅ window.created win2 "Discord"
2023-10-22T15:41:54.684Z 7: ✅ webContents.did-finish-load web2
2023-10-22T15:41:54.783Z 8: window.close win1
2023-10-22T15:41:54.866Z 9: webContents.destroyed web1
2023-10-22T15:41:54.870Z 10: window.closed win1
2023-10-24T05:29:05.703Z 11: window.close win2
2023-10-24T05:34:29.802Z 0: 

----------------------------------------------
2023-10-24T05:34:29.819Z 1: Discord starting: {"releaseChannel":"stable","version":"0.0.31"}, modulepath: /home/sl/.config/discord/0.0.31/modules
2023-10-24T20:40:36.492Z 0: 

----------------------------------------------
2023-10-24T20:40:36.553Z 1: Discord starting: {"releaseChannel":"stable","version":"0.0.31"}, modulepath: /home/sl/.config/discord/0.0.31/modules
2023-10-24T20:40:36.569Z 2: ✅ webContents.created web1 ""
2023-10-24T20:40:36.576Z 3: ✅ window.created win1 "discord"
2023-10-24T20:40:37.138Z 4: ✅ webContents.did-finish-load web1
2023-10-24T20:40:37.530Z 5: ✅ webContents.created web2 ""
2023-10-24T20:40:37.567Z 6: ✅ window.created win2 "Discord"
2023-10-24T20:40:46.982Z 7: ✅ webContents.did-finish-load web2
2023-10-24T20:40:47.071Z 8: window.close win1
2023-10-24T20:40:47.172Z 9: webContents.destroyed web1
2023-10-24T20:40:47.175Z 10: window.closed win1
2023-10-24T21:18:18.777Z 11: window.close win2
2023-10-24T22:23:45.355Z 0: 

----------------------------------------------
2023-10-24T22:23:45.401Z 1: Discord starting: {"releaseChannel":"stable","version":"0.0.31"}, modulepath: /home/sl/.config/discord/0.0.31/modules
2023-10-24T22:23:45.458Z 2: ✅ webContents.created web1 ""
2023-10-24T22:23:45.464Z 3: ✅ window.created win1 "discord"
2023-10-24T22:23:46.041Z 4: ✅ webContents.did-finish-load web1
2023-10-24T22:23:46.373Z 5: ✅ webContents.created web2 ""
2023-10-24T22:23:46.416Z 6: ✅ window.created win2 "Discord"
2023-10-24T22:23:56.016Z 7: ✅ webContents.did-finish-load web2
2023-10-24T22:23:56.109Z 8: window.close win1
2023-10-24T22:23:56.136Z 9: webContents.destroyed web1
2023-10-24T22:23:56.140Z 10: window.closed win1
2023-10-25T02:19:51.742Z 11: window.close win2
2023-10-25T02:48:08.630Z 12: window.close win2
2023-10-25T02:55:22.704Z 0: 

----------------------------------------------
2023-10-25T02:55:22.825Z 1: Discord starting: {"releaseChannel":"stable","version":"0.0.31"}, modulepath: /home/sl/.config/discord/0.0.31/modules
2023-10-25T02:55:22.943Z 2: ✅ webContents.created web1 ""
2023-10-25T02:55:22.968Z 3: ✅ window.created win1 "discord"
2023-10-25T02:55:23.769Z 4: ✅ webContents.did-finish-load web1
2023-10-25T02:55:24.362Z 5: ✅ webContents.created web2 ""
2023-10-25T02:55:24.414Z 6: ✅ window.created win2 "Discord"
2023-10-25T02:55:32.590Z 7: ✅ webContents.did-finish-load web2
2023-10-25T02:55:32.691Z 8: window.close win1
2023-10-25T02:55:32.802Z 9: webContents.destroyed web1
2023-10-25T02:55:32.804Z 10: window.closed win1
